041208 16:58:17  [NOTE] MySql: Normal shutdown

041208 16:58:24  InnoDB: Starting shutdown...
041208 16:58:45  InnoDB: Shutdown completed; log sequence number 0 43962
041208 16:58:45  [NOTE] MySql: Shutdown complete

041208 21:04:45  InnoDB: Started; log sequence number 0 43962
041212 21:14:10  InnoDB: Started; log sequence number 0 43962
041216  3:09:48  InnoDB: Started; log sequence number 0 43962
041216 21:35:34  InnoDB: Started; log sequence number 0 43962
041217  6:47:25  InnoDB: Started; log sequence number 0 43962
041218 11:47:21  InnoDB: Started; log sequence number 0 43962
041218 12:08:50  InnoDB: Started; log sequence number 0 43962
041218 15:29:05  InnoDB: Started; log sequence number 0 43962
041218 15:40:41  InnoDB: Started; log sequence number 0 43962
041218 17:13:36  InnoDB: Started; log sequence number 0 43962
041218 17:33:28  InnoDB: Started; log sequence number 0 43962
041219 22:12:27  InnoDB: Started; log sequence number 0 43962
041220 10:45:31  InnoDB: Started; log sequence number 0 43962
041226  0:30:51  InnoDB: Started; log sequence number 0 43962
041226  1:21:29  InnoDB: Started; log sequence number 0 43962
050104 16:15:08  InnoDB: Started; log sequence number 0 43962
050106  9:08:07  InnoDB: Started; log sequence number 0 43962
050108 23:05:27  InnoDB: Started; log sequence number 0 43962
050108 23:49:19  InnoDB: Started; log sequence number 0 43962
050108 23:59:21  InnoDB: Started; log sequence number 0 43962
050109  0:49:55  InnoDB: Started; log sequence number 0 43962
050109  5:55:17  InnoDB: Started; log sequence number 0 43962
050109  8:45:20  InnoDB: Started; log sequence number 0 43962
050109 11:45:31  InnoDB: Started; log sequence number 0 43962
050109 16:20:29  InnoDB: Started; log sequence number 0 43962
050109 18:15:53  InnoDB: Started; log sequence number 0 43962
050110 13:58:04  InnoDB: Started; log sequence number 0 43962
050113  3:09:33  InnoDB: Started; log sequence number 0 43962
050113 19:22:55  InnoDB: Started; log sequence number 0 43962
050114  6:19:19  InnoDB: Started; log sequence number 0 43962
050114 14:49:48  InnoDB: Started; log sequence number 0 43962
050115  9:03:53  InnoDB: Started; log sequence number 0 43962
050115 13:14:14  InnoDB: Started; log sequence number 0 43962
050115 14:36:08  InnoDB: Started; log sequence number 0 43962
050115 15:09:08  InnoDB: Started; log sequence number 0 43962
050115 16:51:54  InnoDB: Started; log sequence number 0 43962
050115 17:11:04  InnoDB: Started; log sequence number 0 43962
050115 17:35:07  InnoDB: Started; log sequence number 0 43962
050115 19:53:30  InnoDB: Started; log sequence number 0 43962
050115 20:30:50  InnoDB: Started; log sequence number 0 43962
050115 21:41:32  InnoDB: Started; log sequence number 0 43962
050115 23:11:45  InnoDB: Started; log sequence number 0 43962
050116 13:01:48  InnoDB: Started; log sequence number 0 43962
050116 15:06:09  InnoDB: Started; log sequence number 0 43962
050116 15:12:45  InnoDB: Started; log sequence number 0 43962
050116 16:20:45  InnoDB: Started; log sequence number 0 43962
050116 16:24:14  InnoDB: Started; log sequence number 0 43962
050116 17:44:49  InnoDB: Started; log sequence number 0 43962
050116 18:59:36  InnoDB: Started; log sequence number 0 43962
050116 19:07:47  InnoDB: Started; log sequence number 0 43962
050116 20:07:15  InnoDB: Started; log sequence number 0 43962
050116 20:29:39  InnoDB: Started; log sequence number 0 43962
050117 19:52:28  InnoDB: Started; log sequence number 0 43962
050117 19:59:31  InnoDB: Started; log sequence number 0 43962
050117 21:28:30  InnoDB: Started; log sequence number 0 43962
050117 22:29:09  InnoDB: Started; log sequence number 0 43962
050118  5:49:27  InnoDB: Started; log sequence number 0 43962
050118 18:39:19  InnoDB: Started; log sequence number 0 43962
050119  6:24:40  InnoDB: Started; log sequence number 0 43962
050119 10:30:46  InnoDB: Started; log sequence number 0 43962
050120  0:40:01  InnoDB: Started; log sequence number 0 43962
050122 22:46:30  InnoDB: Started; log sequence number 0 43962
050123 10:21:06  InnoDB: Started; log sequence number 0 43962
050123 10:25:12  InnoDB: Started; log sequence number 0 43962
050123 12:06:10  InnoDB: Started; log sequence number 0 43962
050123 12:33:04  InnoDB: Started; log sequence number 0 43962
050123 13:11:55  InnoDB: Started; log sequence number 0 43962
050126 21:19:29  InnoDB: Started; log sequence number 0 43962
050130  8:41:12  InnoDB: Started; log sequence number 0 43962
050130  8:56:37  InnoDB: Started; log sequence number 0 43962
050130 12:06:36  InnoDB: Started; log sequence number 0 43962
050130 16:25:03  InnoDB: Started; log sequence number 0 43962
050130 18:24:07  InnoDB: Started; log sequence number 0 43962
050130 19:54:45  InnoDB: Started; log sequence number 0 43962
050130 21:16:45  InnoDB: Started; log sequence number 0 43962
050130 22:00:15  InnoDB: Started; log sequence number 0 43962
050130 23:02:48  InnoDB: Started; log sequence number 0 43962
050131  6:18:27  InnoDB: Started; log sequence number 0 43962
050201  3:09:16  InnoDB: Started; log sequence number 0 43962
050202  6:15:09  InnoDB: Started; log sequence number 0 43962
050202  7:04:06  InnoDB: Started; log sequence number 0 43962
050202 19:21:04  InnoDB: Started; log sequence number 0 43962
050202 22:33:22  InnoDB: Started; log sequence number 0 43962
050206 12:00:51  InnoDB: Started; log sequence number 0 43962
050206 14:55:31  InnoDB: Started; log sequence number 0 43962
050206 15:19:53  InnoDB: Started; log sequence number 0 43962
050210 22:34:42  InnoDB: Started; log sequence number 0 43962
050212 13:26:31  InnoDB: Started; log sequence number 0 43962
050213  8:46:01  InnoDB: Started; log sequence number 0 43962
050213 16:57:37  InnoDB: Started; log sequence number 0 43962
050213 20:55:19  InnoDB: Started; log sequence number 0 43962
050215 14:27:22  InnoDB: Started; log sequence number 0 43962
050215 19:09:12  InnoDB: Started; log sequence number 0 43962
050216  7:08:15  InnoDB: Started; log sequence number 0 43962
050217 23:10:15  InnoDB: Started; log sequence number 0 43962
050220  8:44:02  InnoDB: Started; log sequence number 0 43962
050223  7:00:24  InnoDB: Started; log sequence number 0 43962
050302 13:08:41  InnoDB: Started; log sequence number 0 43962
050305 14:07:34  InnoDB: Started; log sequence number 0 43962
050305 21:18:38  InnoDB: Started; log sequence number 0 43962
050308 15:08:54  InnoDB: Started; log sequence number 0 43962
050310 23:26:45  InnoDB: Started; log sequence number 0 43962
050311  0:14:36  InnoDB: Started; log sequence number 0 43962
050312 12:36:03  InnoDB: Started; log sequence number 0 43962
050314 15:18:06  InnoDB: Started; log sequence number 0 43962
050318 10:51:53  InnoDB: Started; log sequence number 0 43962
050318 11:46:03  InnoDB: Started; log sequence number 0 43962
050318 15:24:42  InnoDB: Started; log sequence number 0 43962
050321 23:49:18  InnoDB: Started; log sequence number 0 43962
050323 13:35:34  InnoDB: Started; log sequence number 0 43962
050329 22:06:37  InnoDB: Started; log sequence number 0 43962
050330 10:19:19  InnoDB: Started; log sequence number 0 43962
050331  1:02:57  InnoDB: Started; log sequence number 0 43962
050331  1:14:43  InnoDB: Started; log sequence number 0 43962
050412  5:11:41  InnoDB: Started; log sequence number 0 43962
050416  3:11:28  InnoDB: Started; log sequence number 0 43962
050417 16:31:13  InnoDB: Started; log sequence number 0 43962
050417 17:38:30  InnoDB: Started; log sequence number 0 43962
050419 17:30:00  InnoDB: Started; log sequence number 0 43962
050421 16:39:33  InnoDB: Started; log sequence number 0 43962
050422  6:05:59  InnoDB: Started; log sequence number 0 43962
050422  6:09:06  InnoDB: Started; log sequence number 0 43962
050425 11:34:52  InnoDB: Started; log sequence number 0 43962
050502 23:22:02  InnoDB: Started; log sequence number 0 43962
050514 13:39:29  InnoDB: Started; log sequence number 0 43962
050515 14:21:49  InnoDB: Started; log sequence number 0 43962
050520  3:09:47  InnoDB: Started; log sequence number 0 43962
050525 23:09:17  InnoDB: Started; log sequence number 0 43962
050528  1:00:05  InnoDB: Started; log sequence number 0 43962
050606 22:35:47  InnoDB: Started; log sequence number 0 43962
050606 22:55:30  InnoDB: Started; log sequence number 0 43962
050618  3:13:05  InnoDB: Started; log sequence number 0 43962
050626  9:45:37  InnoDB: Started; log sequence number 0 43962
050629 21:56:51  InnoDB: Started; log sequence number 0 43962
050701  1:08:48  InnoDB: Started; log sequence number 0 43962
050701  7:33:07  InnoDB: Started; log sequence number 0 43962
050708 12:21:14  InnoDB: Started; log sequence number 0 43962
050711 23:23:51  InnoDB: Started; log sequence number 0 43962
050714  3:08:24  InnoDB: Started; log sequence number 0 43962
050715 19:36:07  InnoDB: Started; log sequence number 0 43962
050716 17:41:52  InnoDB: Started; log sequence number 0 43962
050718  0:17:50  InnoDB: Started; log sequence number 0 43962
050721 23:47:22  InnoDB: Started; log sequence number 0 43962
050724 23:44:37  InnoDB: Started; log sequence number 0 43962
050725 17:53:06  InnoDB: Started; log sequence number 0 43962
050731 13:07:05  InnoDB: Started; log sequence number 0 43962
050731 17:49:40  InnoDB: Started; log sequence number 0 43962
050731 21:00:16  InnoDB: Started; log sequence number 0 43962
050731 22:06:15  InnoDB: Started; log sequence number 0 43962
050731 23:09:17  InnoDB: Started; log sequence number 0 43962
050801 19:45:45  InnoDB: Started; log sequence number 0 43962
050801 21:03:27  InnoDB: Started; log sequence number 0 43962
050801 21:20:53  InnoDB: Started; log sequence number 0 43962
050801 22:05:24  InnoDB: Started; log sequence number 0 43962
050801 22:32:27  InnoDB: Started; log sequence number 0 43962
050801 23:24:53  InnoDB: Started; log sequence number 0 43962
050802  0:35:45  InnoDB: Started; log sequence number 0 43962
050804  6:23:59  InnoDB: Started; log sequence number 0 43962
050804 14:53:19  InnoDB: Started; log sequence number 0 43962
050804 15:02:12  InnoDB: Started; log sequence number 0 43962
050804 15:11:44  InnoDB: Started; log sequence number 0 43962
050804 23:53:06  InnoDB: Started; log sequence number 0 43962
050805  6:39:21  InnoDB: Started; log sequence number 0 43962
050806  3:49:12  InnoDB: Started; log sequence number 0 43962
050808 22:18:01  InnoDB: Started; log sequence number 0 43962
050811 22:31:07  InnoDB: Started; log sequence number 0 43962
050813  3:23:45  InnoDB: Started; log sequence number 0 43962
050816  6:49:36  InnoDB: Started; log sequence number 0 43962
050819 14:36:52  InnoDB: Started; log sequence number 0 43962
050821 17:20:33  InnoDB: Started; log sequence number 0 43962
050821 17:58:40  InnoDB: Started; log sequence number 0 43962
050821 18:22:42  InnoDB: Started; log sequence number 0 43962
050822  6:23:52  InnoDB: Started; log sequence number 0 43962
050822 23:02:28  InnoDB: Started; log sequence number 0 43962
050823  6:54:43  InnoDB: Started; log sequence number 0 43962
050823  7:02:23  InnoDB: Started; log sequence number 0 43962
050823  7:28:13  InnoDB: Started; log sequence number 0 43962
050823  7:55:28  InnoDB: Started; log sequence number 0 43962
050823 21:03:04  InnoDB: Started; log sequence number 0 43962
050823 22:30:30  InnoDB: Started; log sequence number 0 43962
050824  6:32:33  InnoDB: Started; log sequence number 0 43962
050824  6:55:37  InnoDB: Started; log sequence number 0 43962
050824 22:36:23  InnoDB: Started; log sequence number 0 43962
050824 22:59:41  InnoDB: Started; log sequence number 0 43962
050825  6:49:57  InnoDB: Started; log sequence number 0 43962
050825  7:09:33  InnoDB: Started; log sequence number 0 43962
050825 19:04:59  InnoDB: Started; log sequence number 0 43962
050825 20:32:25  InnoDB: Started; log sequence number 0 43962
050825 21:35:34  InnoDB: Started; log sequence number 0 43962
050825 21:53:45  InnoDB: Started; log sequence number 0 43962
050826 11:00:59  InnoDB: Started; log sequence number 0 43962
050826 11:04:08  InnoDB: Started; log sequence number 0 43962
050826 11:09:42  InnoDB: Started; log sequence number 0 43962
050826 11:13:05  InnoDB: Started; log sequence number 0 43962
050826 11:16:24  InnoDB: Started; log sequence number 0 43962
050826 11:21:29  InnoDB: Started; log sequence number 0 43962
050826 11:49:16  InnoDB: Started; log sequence number 0 43962
050826 16:40:56  InnoDB: Started; log sequence number 0 43962
050826 16:48:00  InnoDB: Started; log sequence number 0 43962
050827  8:10:00  InnoDB: Started; log sequence number 0 43962
050827  9:34:33  InnoDB: Started; log sequence number 0 43962
050827 17:08:52  InnoDB: Started; log sequence number 0 43962
050827 19:00:53  InnoDB: Started; log sequence number 0 43962
050827 23:00:06  InnoDB: Started; log sequence number 0 43962
050827 23:45:33  InnoDB: Started; log sequence number 0 43962
050828  0:03:32  InnoDB: Started; log sequence number 0 43962
050828  0:39:25  InnoDB: Started; log sequence number 0 43962
050828  1:22:41  InnoDB: Started; log sequence number 0 43962
050828 10:30:40  InnoDB: Started; log sequence number 0 43962
050829  6:24:14  InnoDB: Started; log sequence number 0 43962
050830 23:34:44  InnoDB: Started; log sequence number 0 43962
050830 23:58:22  InnoDB: Started; log sequence number 0 43962
050831  0:14:23  InnoDB: Started; log sequence number 0 43962
050901  6:29:26  InnoDB: Started; log sequence number 0 43962
050901 14:31:43  InnoDB: Started; log sequence number 0 43962
050901 15:24:16  InnoDB: Started; log sequence number 0 43962
050901 15:39:53  InnoDB: Started; log sequence number 0 43962
050902  6:34:27  InnoDB: Started; log sequence number 0 43962
050902 12:52:46  InnoDB: Started; log sequence number 0 43962
050902 14:32:37  InnoDB: Started; log sequence number 0 43962
050902 20:45:20  InnoDB: Started; log sequence number 0 43962
050903  8:14:03  InnoDB: Started; log sequence number 0 43962
050903  8:34:28  InnoDB: Started; log sequence number 0 43962
050905 18:18:13  InnoDB: Started; log sequence number 0 43962
050905 21:22:39  InnoDB: Started; log sequence number 0 43962
050906  0:15:34  InnoDB: Started; log sequence number 0 43962
050906  0:20:24  InnoDB: Started; log sequence number 0 43962
050906  0:23:27  InnoDB: Started; log sequence number 0 43962
050906  0:54:20  InnoDB: Started; log sequence number 0 43962
050906 14:20:53  InnoDB: Started; log sequence number 0 43962
050906 14:55:34  InnoDB: Started; log sequence number 0 43962
050906 16:29:07  InnoDB: Started; log sequence number 0 43962
050906 18:37:10  InnoDB: Started; log sequence number 0 43962
050906 19:24:00  InnoDB: Started; log sequence number 0 43962
050907  0:51:31  InnoDB: Started; log sequence number 0 43962
050907  5:39:37  InnoDB: Started; log sequence number 0 43962
050907  6:12:25  InnoDB: Started; log sequence number 0 43962
050907  7:14:05  InnoDB: Started; log sequence number 0 43962
050907 21:28:30  InnoDB: Started; log sequence number 0 43962
050908  6:42:23  InnoDB: Started; log sequence number 0 43962
050908 23:10:36  InnoDB: Started; log sequence number 0 43962
050908 23:18:07  InnoDB: Started; log sequence number 0 43962
050909  7:17:18  InnoDB: Started; log sequence number 0 43962
050909 20:09:40  InnoDB: Started; log sequence number 0 43962
050910  9:48:51  InnoDB: Started; log sequence number 0 43962
050911  8:40:37  InnoDB: Started; log sequence number 0 43962
050911 21:14:05  InnoDB: Started; log sequence number 0 43962
050911 21:42:15  InnoDB: Started; log sequence number 0 43962
050912 21:30:55  InnoDB: Started; log sequence number 0 43962
050915  6:47:30  InnoDB: Started; log sequence number 0 43962
050915 20:12:38  InnoDB: Started; log sequence number 0 43962
050920  2:40:02  InnoDB: Started; log sequence number 0 43962
050922 18:29:40  InnoDB: Started; log sequence number 0 43962
050924  0:21:37  InnoDB: Started; log sequence number 0 43962
050925 22:46:27  InnoDB: Started; log sequence number 0 43962
050928  0:22:18  InnoDB: Started; log sequence number 0 43962
050928 23:23:08  InnoDB: Started; log sequence number 0 43962
051004 22:07:28  InnoDB: Started; log sequence number 0 43962
051011 22:31:22  InnoDB: Started; log sequence number 0 43962
051011 23:25:17  InnoDB: Started; log sequence number 0 43962
051017  3:10:07  InnoDB: Started; log sequence number 0 43962
051018 10:40:10  InnoDB: Started; log sequence number 0 43962
051018 10:52:11  InnoDB: Started; log sequence number 0 43962
051018 11:34:16  InnoDB: Started; log sequence number 0 43962
051020  6:36:13  InnoDB: Started; log sequence number 0 43962
051020 21:40:45  InnoDB: Started; log sequence number 0 43962
051020 23:28:07  InnoDB: Started; log sequence number 0 43962
051022 21:21:34  InnoDB: Started; log sequence number 0 43962
051027  3:09:39  InnoDB: Started; log sequence number 0 43962
051110  3:08:17  InnoDB: Started; log sequence number 0 43962
051113 12:56:18  InnoDB: Started; log sequence number 0 43962
051113 13:16:09  InnoDB: Started; log sequence number 0 43962
051113 13:31:22  InnoDB: Started; log sequence number 0 43962
051120 15:57:14  InnoDB: Started; log sequence number 0 43962
051120 16:38:03  InnoDB: Started; log sequence number 0 43962
051120 18:42:18  InnoDB: Started; log sequence number 0 43962
051120 19:48:39  InnoDB: Started; log sequence number 0 43962
051122 22:35:33  InnoDB: Started; log sequence number 0 43962
051125 16:47:57  InnoDB: Started; log sequence number 0 43962
051125 16:54:20  InnoDB: Started; log sequence number 0 43962
051129 23:12:37  InnoDB: Started; log sequence number 0 43962
051130  6:24:55  InnoDB: Started; log sequence number 0 43962
051201 15:19:54  InnoDB: Started; log sequence number 0 43962
051204  9:14:44  InnoDB: Started; log sequence number 0 43962
051204  9:34:22  InnoDB: Started; log sequence number 0 43962
051204 10:25:21  InnoDB: Started; log sequence number 0 43962
051212 18:13:12  InnoDB: Started; log sequence number 0 43962
051213 13:25:55  InnoDB: Started; log sequence number 0 43962
051217  3:11:26  InnoDB: Started; log sequence number 0 43962
051218 19:22:37  InnoDB: Started; log sequence number 0 43962
051218 19:59:43  InnoDB: Started; log sequence number 0 43962
060106  3:10:14  InnoDB: Started; log sequence number 0 43962
060108 16:47:25  InnoDB: Started; log sequence number 0 43962
060108 16:50:16  InnoDB: Started; log sequence number 0 43962
060114 20:39:52  InnoDB: Started; log sequence number 0 43962
060114 21:11:37  InnoDB: Started; log sequence number 0 43962
060116  0:53:48  InnoDB: Started; log sequence number 0 43962
060116 23:40:42  InnoDB: Started; log sequence number 0 43962
060118 21:15:46  InnoDB: Started; log sequence number 0 43962
060119 23:21:40  InnoDB: Started; log sequence number 0 43962
060120 17:51:58  InnoDB: Started; log sequence number 0 43962
060122 14:29:27  InnoDB: Started; log sequence number 0 43962
060128  2:06:34  InnoDB: Started; log sequence number 0 43962
060128 10:19:07  InnoDB: Started; log sequence number 0 43962
060128 18:46:30  InnoDB: Started; log sequence number 0 43962
060128 19:21:56  InnoDB: Started; log sequence number 0 43962
060128 19:50:33  InnoDB: Started; log sequence number 0 43962
060128 20:06:53  InnoDB: Started; log sequence number 0 43962
060128 20:32:29  InnoDB: Started; log sequence number 0 43962
060129  0:17:19  InnoDB: Started; log sequence number 0 43962
060129  1:09:42  InnoDB: Started; log sequence number 0 43962
060204 21:08:36  InnoDB: Started; log sequence number 0 43962
060208 23:45:14  InnoDB: Started; log sequence number 0 43962
060212  9:10:56  InnoDB: Started; log sequence number 0 43962
060212 18:51:59  InnoDB: Started; log sequence number 0 43962
060212 19:35:45  InnoDB: Started; log sequence number 0 43962
060212 23:59:17  InnoDB: Started; log sequence number 0 43962
060215 14:32:56  InnoDB: Started; log sequence number 0 43962
060217  3:10:28  InnoDB: Started; log sequence number 0 43962
060220  7:09:39  InnoDB: Started; log sequence number 0 43962
060222 21:55:03  InnoDB: Started; log sequence number 0 43962
060222 23:19:57  InnoDB: Started; log sequence number 0 43962
060223 19:27:12  InnoDB: Started; log sequence number 0 43962
060226  8:13:05  InnoDB: Started; log sequence number 0 43962
060227 18:28:45  InnoDB: Started; log sequence number 0 43962
060228  0:02:52  InnoDB: Started; log sequence number 0 43962
060228  0:37:50  InnoDB: Started; log sequence number 0 43962
060228  0:46:58  InnoDB: Started; log sequence number 0 43962
060301 12:10:24  InnoDB: Started; log sequence number 0 43962
060301 12:14:30  InnoDB: Started; log sequence number 0 43962
060313 18:34:58  InnoDB: Started; log sequence number 0 43962
060313 18:40:52  InnoDB: Started; log sequence number 0 43962
060710  7:53:43  InnoDB: Started; log sequence number 0 43962
060710  8:08:41  InnoDB: Started; log sequence number 0 43962
060710  9:04:21  InnoDB: Started; log sequence number 0 43962
060710  9:25:29  InnoDB: Started; log sequence number 0 43962
060710  9:56:07  InnoDB: Started; log sequence number 0 43962
060710 11:02:29  InnoDB: Started; log sequence number 0 43962
060710 11:34:27  InnoDB: Started; log sequence number 0 43962
060710 11:46:00  InnoDB: Started; log sequence number 0 43962
060710 13:35:15  InnoDB: Started; log sequence number 0 43962
060710 22:03:58  InnoDB: Started; log sequence number 0 43962
060710 22:15:58  InnoDB: Started; log sequence number 0 43962
060712  0:57:13  InnoDB: Started; log sequence number 0 43962
060712  1:02:18  InnoDB: Started; log sequence number 0 43962
060712 21:41:38  InnoDB: Started; log sequence number 0 43962
060712 21:48:08  InnoDB: Started; log sequence number 0 43962
060712 22:48:43  InnoDB: Started; log sequence number 0 43962
060712 22:55:30  InnoDB: Started; log sequence number 0 43962
060712 23:08:50  InnoDB: Started; log sequence number 0 43962
060712 23:29:27  InnoDB: Started; log sequence number 0 43962
060713  0:35:11  InnoDB: Started; log sequence number 0 43962
060713  6:23:37  InnoDB: Started; log sequence number 0 43962
060713  8:20:35  InnoDB: Started; log sequence number 0 43962
060713 12:43:47  InnoDB: Started; log sequence number 0 43962
